<?xml version="1.0" encoding="UTF-8"?>
<!-- Generated by org.testng.reporters.JUnitReportReporter -->
<testsuite hostname="DESKTOP-FK9O5I6" failures="0" tests="3" name="api.tests.DDTest" time="4.182" errors="0" timestamp="2025-03-31T11:38:08 EAT" skipped="0">
  <testcase classname="api.tests.DDTest" name="testPostUser" time="1.533"/>
  <testcase classname="api.tests.DDTest" name="testPostUser" time="1.314"/>
  <testcase classname="api.tests.DDTest" name="testPostUser" time="1.335"/>
</testsuite> <!-- api.tests.DDTest -->
