<?xml version="1.0" encoding="UTF-8"?>
<!-- Generated by org.testng.reporters.JUnitReportReporter -->
<testsuite hostname="DESKTOP-FK9O5I6" failures="0" tests="3" name="api.tests.DDTest" time="3.920" errors="0" timestamp="2025-03-28T16:33:59 EAT" skipped="0">
  <testcase classname="api.tests.DDTest" name="testPostUser" time="1.300"/>
  <testcase classname="api.tests.DDTest" name="testPostUser" time="1.269"/>
  <testcase classname="api.tests.DDTest" name="testPostUser" time="1.351"/>
</testsuite> <!-- api.tests.DDTest -->
