<?xml version="1.0" encoding="UTF-8"?>
<!-- Generated by org.testng.reporters.JUnitReportReporter -->
<testsuite hostname="DESKTOP-FK9O5I6" failures="0" tests="1" name="api.tests.UserTests" time="8.103" errors="0" timestamp="2025-03-31T11:38:08 EAT" skipped="0">
  <testcase classname="api.tests.UserTests" name="testCreateUser" time="8.103"/>
</testsuite> <!-- api.tests.UserTests -->
