<?xml version="1.0" encoding="UTF-8"?>
<!-- Generated by org.testng.reporters.JUnitReportReporter -->
<testsuite hostname="DESKTOP-FK9O5I6" failures="0" tests="3" name="api.tests.DDTest" time="10.346" errors="0" timestamp="2025-03-27T15:58:19 EAT" skipped="0">
  <testcase classname="api.tests.DDTest" name="testPostUser" time="1.435"/>
  <testcase classname="api.tests.DDTest" name="testPostUser" time="7.443"/>
  <testcase classname="api.tests.DDTest" name="testPostUser" time="1.468"/>
</testsuite> <!-- api.tests.DDTest -->
