<?xml version="1.0" encoding="UTF-8"?>
<!-- Generated by org.testng.reporters.JUnitReportReporter -->
<testsuite hostname="DESKTOP-FK9O5I6" failures="0" tests="1" name="api.tests.UserTests" time="7.262" errors="0" timestamp="2025-03-31T13:07:27 EAT" skipped="0">
  <testcase classname="api.tests.UserTests" name="testCreateUser" time="7.262"/>
</testsuite> <!-- api.tests.UserTests -->
