<?xml version="1.0" encoding="UTF-8"?>
<!-- Generated by org.testng.reporters.JUnitReportReporter -->
<testsuite hostname="DESKTOP-FK9O5I6" failures="0" tests="3" name="api.tests.DDTest" time="3.887" errors="0" timestamp="2025-03-31T13:07:27 EAT" skipped="0">
  <testcase classname="api.tests.DDTest" name="testPostUser" time="1.314"/>
  <testcase classname="api.tests.DDTest" name="testPostUser" time="1.275"/>
  <testcase classname="api.tests.DDTest" name="testPostUser" time="1.298"/>
</testsuite> <!-- api.tests.DDTest -->
